Thu 04:37: PROGRESS: MaxCompiler version: 2015.2
Thu 04:37: PROGRESS: Build "SobelGaussianSolution" start time: Thu Dec 21 04:37:10 CET 2017
Thu 04:37: PROGRESS: Main build process running as user bkrosenz on host maxeler.mi.sanu.ac.rs
Thu 04:37: INFO    : Loading build properties from bundled MaxCompiler_build.conf...
Thu 04:37: INFO    : No default external build property file has been specified.
Thu 04:37: INFO    : (Set environment variable MAXCOMPILER_DEFAULT_CONF_FILE to assign one)
Thu 04:37: INFO    : User build properties not found in file: /home/bkrosenz/.MaxCompiler_build_user.conf
Thu 04:37: INFO    : No user-specified external build property file has been specified.
Thu 04:37: INFO    : (Set environment variable MAXCOMPILER_BUILD_CONF_FILE to assign one)
Thu 04:37: INFO    : Loading additional parameters from MAXCOMPILER_BUILD_CONF environment variable
Thu 04:37: PROGRESS: Build location: /home/bkrosenz/ICM-1/RunRules/Simulation/maxfiles/SobelGaussianSolution_VECTIS_DFE_SIM
Thu 04:37: PROGRESS: Detailed build log available in "_build.log"
Thu 04:37: INFO    : Created build manager SobelGaussianSolution (SobelGaussianSolution_VECTIS_DFE_SIM Thu Dec 21 04:37:10 CET 2017). (04:37:10 21/12/17)
Thu 04:37: INFO    : Working in dir: /home/bkrosenz/ICM-1/RunRules/Simulation/maxfiles/SobelGaussianSolution_VECTIS_DFE_SIM
Thu 04:37: INFO    : Java class path (2 paths):
Thu 04:37: INFO    : 	/home/bkrosenz/ICM-1/RunRules/Simulation/dist/bin
Thu 04:37: INFO    : 	/opt/maxcompiler/lib/MaxCompiler.jar
Thu 04:37: INFO    : Java process started by 'main' method in class 'sobelgaussian.SobelGaussianSolutionManager'.
Thu 04:37: INFO    : build.arbitrated_core_cache parameter is blank, not using core-cache
Thu 04:37: INFO    : Checking license files in directory: /opt/maxcompiler/licenses
Thu 04:37: INFO    : All license signatures valid.
Thu 04:37: PROGRESS: Instantiating manager
Thu 04:37: PROGRESS: Instantiating kernel "SobelGaussianSolutionKernel"
Thu 04:37: INFO    : Backing-up source-files (old source files in build directory will be removed first)...
Thu 04:37: INFO    : Source directories: src
Thu 04:37: INFO    : Not deleting directory (does not exist): src
Thu 04:37: INFO    : Copying source-files took 1.95672 ms
Thu 04:37: PROGRESS: Compiling manager (CPU I/O Only)
Thu 04:37: INFO    : Backing-up source-files (old source files in build directory will be removed first)...
Thu 04:37: INFO    : Source directories: src
Thu 04:37: INFO    : Deleting directory: src
Thu 04:37: INFO    : Copying source-files took 1.43549 ms
Thu 04:37: INFO    : Manager Configuration:
Thu 04:37: INFO    : 	ManagerConfiguration.allowNonMultipleTransitions = false                                                         [Init: false]
Thu 04:37: INFO    : 	ManagerConfiguration.board = MAX3424A                                                                            [Init: null, init: MAX3424A]
Thu 04:37: INFO    : 	ManagerConfiguration.build.buildEffort = MEDIUM                                                                  [Init: MEDIUM]
Thu 04:37: INFO    : 	ManagerConfiguration.build.enableChipScopeInserter = false                                                       [Init: false]
Thu 04:37: INFO    : 	ManagerConfiguration.build.enableTimingAnalysis = true                                                           [Init: true]
Thu 04:37: INFO    : 	ManagerConfiguration.build.level = FULL_BUILD                                                                    [Init: FULL_BUILD]
Thu 04:37: INFO    : 	ManagerConfiguration.build.mpprContinueAfterMeetingTiming = false                                                [Init: false]
Thu 04:37: INFO    : 	ManagerConfiguration.build.mpprCtMax = 1                                                                         [Init: 1]
Thu 04:37: INFO    : 	ManagerConfiguration.build.mpprCtMin = 1                                                                         [Init: 1]
Thu 04:37: INFO    : 	ManagerConfiguration.build.mpprParallelism = 1                                                                   [Init: 1]
Thu 04:37: INFO    : 	ManagerConfiguration.build.mpprRetryMissesThrshld = 0                                                            [Init: 0]
Thu 04:37: INFO    : 	ManagerConfiguration.build.optGoal = BALANCED                                                                    [Init: BALANCED]
Thu 04:37: INFO    : 	ManagerConfiguration.build.physSynthAsyncPipelining = AUTO                                                       [Init: AUTO]
Thu 04:37: INFO    : 	ManagerConfiguration.build.physSynthCombLogic = AUTO                                                             [Init: AUTO]
Thu 04:37: INFO    : 	ManagerConfiguration.build.physSynthCombLogicForArea = AUTO                                                      [Init: AUTO]
Thu 04:37: INFO    : 	ManagerConfiguration.build.physSynthEffort = AUTO                                                                [Init: AUTO]
Thu 04:37: INFO    : 	ManagerConfiguration.build.physSynthRegDuplication = AUTO                                                        [Init: AUTO]
Thu 04:37: INFO    : 	ManagerConfiguration.build.physSynthRetiming = AUTO                                                              [Init: AUTO]
Thu 04:37: INFO    : 	ManagerConfiguration.build.physicalSynthesis = false                                                             [Init: false]
Thu 04:37: INFO    : 	ManagerConfiguration.buildTarget = DFE_SIM                                                                       [Init: null, init: DFE_SIM]
Thu 04:37: INFO    : 	ManagerConfiguration.debug.chipscopeCaptureDepth = 4096                                                          [Init: 4096]
Thu 04:37: INFO    : 	ManagerConfiguration.debug.fifoUnderOverFlowRegs = false                                                         [Init: false]
Thu 04:37: INFO    : 	ManagerConfiguration.debug.memCtlDebugRegs = true                                                                [Init: true]
Thu 04:37: INFO    : 	ManagerConfiguration.debug.memCtlExtraDebugRegs = false                                                          [Init: false]
Thu 04:37: INFO    : 	ManagerConfiguration.debug.memMarginingSupport = false                                                           [Init: false]
Thu 04:37: INFO    : 	ManagerConfiguration.debug.memPhyDebugRegister = NONE                                                            [Init: NONE]
Thu 04:37: INFO    : 	ManagerConfiguration.debug.memPllLockDebugRegs = true                                                            [Init: true]
Thu 04:37: INFO    : 	ManagerConfiguration.debug.streamStatus = false                                                                  [Init: false]
Thu 04:37: INFO    : 	ManagerConfiguration.debug.streamStatusChecksums = false                                                         [Init: false]
Thu 04:37: INFO    : 	ManagerConfiguration.dram.addressGeneratorsInSlowClock = false                                                   [Init: false]
Thu 04:37: INFO    : 	ManagerConfiguration.dram.arbitrationMode = ROUND_ROBIN                                                          [Init: ROUND_ROBIN]
Thu 04:37: INFO    : 	ManagerConfiguration.dram.burstSize = 8                                                                          [Init: 8]
Thu 04:37: INFO    : 	ManagerConfiguration.dram.cmdFifoInReg = false                                                                   [Init: false]
Thu 04:37: INFO    : 	ManagerConfiguration.dram.cmdFifoLutRam = false                                                                  [Init: false]
Thu 04:37: INFO    : 	ManagerConfiguration.dram.cmdFifoRegInRam = true                                                                 [Init: true]
Thu 04:37: INFO    : 	ManagerConfiguration.dram.cmdFifoSize = 31                                                                       [Init: 31]
Thu 04:37: INFO    : 	ManagerConfiguration.dram.commandEchoModeEnabled = false                                                         [Init: false]
Thu 04:37: INFO    : 	ManagerConfiguration.dram.commandEchoModeFifoDepth = 512                                                         [Init: 512]
Thu 04:37: INFO    : 	ManagerConfiguration.dram.commandEchoModeStreamAlmostEmptyLatency = 792                                          [Init: 792]
Thu 04:37: INFO    : 	ManagerConfiguration.dram.commandEchoModeStreamAlmostEmptyLatency = 8                                            [Init: 8]
Thu 04:37: INFO    : 	ManagerConfiguration.dram.commandEchoModeStreamStallLatency = 8                                                  [Init: 8]
Thu 04:37: INFO    : 	ManagerConfiguration.dram.dataFifoDepth = 512                                                                    [Init: 512]
Thu 04:37: INFO    : 	ManagerConfiguration.dram.dataFifoLutRam = false                                                                 [Init: false]
Thu 04:37: INFO    : 	ManagerConfiguration.dram.dataFifoWidth = 792                                                                    [Init: 792]
Thu 04:37: INFO    : 	ManagerConfiguration.dram.eccMode = false                                                                        [Init: false]
Thu 04:37: INFO    : 	ManagerConfiguration.dram.fabricDataFifoReg = true                                                               [Init: true]
Thu 04:37: INFO    : 	ManagerConfiguration.dram.fabricRdDataFifoReg = false                                                            [Init: false]
Thu 04:37: INFO    : 	ManagerConfiguration.dram.flagSupport = false                                                                    [Init: false]
Thu 04:37: INFO    : 	ManagerConfiguration.dram.highPrioStream = false                                                                 [Init: false]
Thu 04:37: INFO    : 	ManagerConfiguration.dram.max2CompatMode = false                                                                 [Init: false]
Thu 04:37: INFO    : 	ManagerConfiguration.dram.max4m_GALAVA_MCP_UseRefClk = false                                                     [Init: false]
Thu 04:37: INFO    : 	ManagerConfiguration.dram.max4m_MAIA_MCP_UseRefClk = false                                                       [Init: false]
Thu 04:37: INFO    : 	ManagerConfiguration.dram.max4qrateMode = false                                                                  [Init: false]
Thu 04:37: INFO    : 	ManagerConfiguration.dram.memCmdIncSize = 8                                                                      [Init: 8]
Thu 04:37: INFO    : 	ManagerConfiguration.dram.memCmdStartAddrSize = 32                                                               [Init: 32]
Thu 04:37: INFO    : 	ManagerConfiguration.dram.onCardMemFreq = 303.0                                                                  [Init: 0.0, change: 303.0]
Thu 04:37: INFO    : 	ManagerConfiguration.dram.parEccDebugStream = false                                                              [Init: false]
Thu 04:37: INFO    : 	ManagerConfiguration.dram.parityEccWidth = 0                                                                     [Init: 0]
Thu 04:37: INFO    : 	ManagerConfiguration.dram.parityMode = false                                                                     [Init: false]
Thu 04:37: INFO    : 	ManagerConfiguration.dram.perdqsPhaseDetect = false                                                              [Init: false]
Thu 04:37: INFO    : 	ManagerConfiguration.dram.performanceMode = true                                                                 [Init: true]
Thu 04:37: INFO    : 	ManagerConfiguration.enableMPCX = false                                                                          [Init: false, init: false]
Thu 04:37: INFO    : 	ManagerConfiguration.maxring.maxringConnections = []                                                             [Init: []]
Thu 04:37: INFO    : 	ManagerConfiguration.maxring.maxringNumLanes = {MAXRING_LITE_B=1, MAXRING_LITE_A=1, MAXRING_A=2, MAXRING_B=2}    [Init: {}]
Thu 04:37: INFO    : 	ManagerConfiguration.multiCycleMappedMemoryBus = false                                                           [Init: false]
Thu 04:37: INFO    : 	ManagerConfiguration.network.qsfp0Mode = QSFP_OFF                                                                [Init: QSFP_OFF]
Thu 04:37: INFO    : 	ManagerConfiguration.network.qsfp1Mode = QSFP_OFF                                                                [Init: QSFP_OFF]
Thu 04:37: INFO    : 	ManagerConfiguration.network.qsfp2Mode = QSFP_OFF                                                                [Init: QSFP_OFF]
Thu 04:37: INFO    : 	ManagerConfiguration.network.qsfp3Mode = QSFP_OFF                                                                [Init: QSFP_OFF]
Thu 04:37: INFO    : 	ManagerConfiguration.network.qsfp4Mode = QSFP_OFF                                                                [Init: QSFP_OFF]
Thu 04:37: INFO    : 	ManagerConfiguration.network.qsfp5Mode = QSFP_OFF                                                                [Init: QSFP_OFF]
Thu 04:37: INFO    : 	ManagerConfiguration.network.qsfp6Mode = QSFP_OFF                                                                [Init: QSFP_OFF]
Thu 04:37: INFO    : 	ManagerConfiguration.network.qsfp7Mode = QSFP_OFF                                                                [Init: QSFP_OFF]
Thu 04:37: INFO    : 	ManagerConfiguration.pcie.numPCIeLanes = 0                                                                       [Init: 0]
Thu 04:37: INFO    : 	ManagerConfiguration.pcie.pcieFastClock = false                                                                  [Init: false]
Thu 04:37: INFO    : 	ManagerConfiguration.pcie.streamFromHostMaxNum = 8                                                               [Init: 0, change: 8]
Thu 04:37: INFO    : 	ManagerConfiguration.pcie.streamToHostMaxNum = 8                                                                 [Init: 0, change: 8]
Thu 04:37: INFO    : 	ManagerConfiguration.persona.boardModel = MAX3424A                                                               [Init: null, change: MAX3424A]
Thu 04:37: INFO    : 	ManagerConfiguration.persona.ddr3Enable = false                                                                  [Init: false]
Thu 04:37: INFO    : 	ManagerConfiguration.persona.ddr3Frq = 303.0                                                                     [Init: 400.0, change: 303.0]
Thu 04:37: INFO    : 	ManagerConfiguration.persona.ddr3Qmode = false                                                                   [Init: false]
Thu 04:37: INFO    : 	ManagerConfiguration.persona.disableMultiplePersona = true                                                       [Init: true]
Thu 04:37: INFO    : 	ManagerConfiguration.persona.dynamic_scaling = false                                                             [Init: false]
Thu 04:37: INFO    : 	ManagerConfiguration.persona.enableCPLDOverrideOutpus = false                                                    [Init: false]
Thu 04:37: INFO    : 	ManagerConfiguration.persona.enableJDFEPTPTestLogic = false                                                      [Init: false]
Thu 04:37: INFO    : 	ManagerConfiguration.persona.maxRingLocal = false                                                                [Init: false]
Thu 04:37: INFO    : 	ManagerConfiguration.persona.maxRingOptical = false                                                              [Init: false]
Thu 04:37: INFO    : 	ManagerConfiguration.persona.maxringDataRate = 2500.0                                                            [Init: 2500.0]
Thu 04:37: INFO    : 	ManagerConfiguration.persona.maxringOpticalDataRate = 10000.0                                                    [Init: 10000.0]
Thu 04:37: INFO    : 	ManagerConfiguration.persona.mode = InitMode                                                                     [Init: InitMode]
Thu 04:37: INFO    : 	ManagerConfiguration.persona.networkPTP = OFF                                                                    [Init: OFF]
Thu 04:37: INFO    : 	ManagerConfiguration.persona.panMaxRingA = false                                                                 [Init: false]
Thu 04:37: INFO    : 	ManagerConfiguration.persona.panMaxRingB = false                                                                 [Init: false]
Thu 04:37: INFO    : 	ManagerConfiguration.persona.personaInterfaceVersion = 1                                                         [Init: 1]
Thu 04:37: INFO    : 	ManagerConfiguration.persona.qdr2Enable = false                                                                  [Init: false]
Thu 04:37: INFO    : 	ManagerConfiguration.persona.qdr2Frq = 350.0                                                                     [Init: 350.0]
Thu 04:37: INFO    : 	ManagerConfiguration.persona.streamClks = 1                                                                      [Init: 1]
Thu 04:37: INFO    : 	ManagerConfiguration.persona.streamFrq = [100.0]                                                                 [Init: [150.0], change: [100.0]]
Thu 04:37: INFO    : 	ManagerConfiguration.persona.streamPs = [0]                                                                      [Init: [0]]
Thu 04:37: INFO    : 	ManagerConfiguration.persona.usePCIeGen1 = false                                                                 [Init: false]
Thu 04:37: INFO    : 	ManagerConfiguration.simulation.nativeFloatingPoint = false                                                      [Init: false]
Thu 04:37: INFO    : 	ManagerConfiguration.streamClockFrq = 100                                                                        [Init: 100]
Thu 04:37: INFO    : 	ManagerConfiguration.useLegacyStreamFIFOs = false                                                                [Init: false]
Thu 04:37: INFO    : 
Thu 04:37: INFO    :  -- 
Thu 04:37: PROGRESS: 
Thu 04:37: PROGRESS: Compiling kernel "SobelGaussianSolutionKernel"
Thu 04:37: INFO    : Configuration:
Thu 04:37: INFO    : 	KernelConfiguration.additionalInputPipelining = 64                                          [Init: 64]
Thu 04:37: INFO    : 	KernelConfiguration.allowDSPCascading = true                                                [Init: true]
Thu 04:37: INFO    : 	KernelConfiguration.allowInputsOutputsBeforeFlushNode = false                               [Init: false]
Thu 04:37: INFO    : 	KernelConfiguration.allowZeroLatencyNodeHold = false                                        [Init: false]
Thu 04:37: INFO    : 	KernelConfiguration.board = MAX3424A                                                        [Init: MAX2116B, change: MAX3424A]
Thu 04:37: INFO    : 	KernelConfiguration.bramBitsThreshold = 2080                                                [Init: 2080]
Thu 04:37: INFO    : 	KernelConfiguration.buildTarget = MAXCOMPILERSIM_HOST_DRIVEN                                [Init: NONE, change: MAXCOMPILERSIM_HOST_DRIVEN]
Thu 04:37: INFO    : 	KernelConfiguration.cePipelining = 2                                                        [Init: 2]
Thu 04:37: INFO    : 	KernelConfiguration.clockPhaseBalanceThreshold = 0.1                                        [Init: 0.1]
Thu 04:37: INFO    : 	KernelConfiguration.clockPhasingRetries = 50                                                [Init: 50]
Thu 04:37: INFO    : 	KernelConfiguration.dumpNeighboursString =                                                  [Init: ]
Thu 04:37: INFO    : 	KernelConfiguration.enableCeReplication = true                                              [Init: true]
Thu 04:37: INFO    : 	KernelConfiguration.enableClockPhasePartitioning = false                                    [Init: false]
Thu 04:37: INFO    : 	KernelConfiguration.enableDebugIOControlRegs = true                                         [Init: true]
Thu 04:37: INFO    : 	KernelConfiguration.enableDummyBuild = false                                                [Init: false]
Thu 04:37: INFO    : 	KernelConfiguration.enableKernelProfiler = false                                            [Init: false]
Thu 04:37: INFO    : 	KernelConfiguration.enablePipelinedComputeController = false                                [Init: false]
Thu 04:37: INFO    : 	KernelConfiguration.enableShadowRegister = false                                            [Init: false]
Thu 04:37: INFO    : 	KernelConfiguration.enableSmartKernelControl = false                                        [Init: false]
Thu 04:37: INFO    : 	KernelConfiguration.fifoSrlRegisterStages = 1                                               [Init: 1]
Thu 04:37: INFO    : 	KernelConfiguration.flushOnInputDataCongtiguous = false                                     [Init: false]
Thu 04:37: INFO    : 	KernelConfiguration.hardwareDebugDepth = 512                                                [Init: 512]
Thu 04:37: INFO    : 	KernelConfiguration.hwHierarchyMode = UNSET                                                 [Init: UNSET]
Thu 04:37: INFO    : 	KernelConfiguration.latencyAnnotation = false                                               [Init: false]
Thu 04:37: INFO    : 	KernelConfiguration.latencyAnnotationIOs =                                                  [Init: null]
Thu 04:37: INFO    : 	KernelConfiguration.maxCoalescedFifoWidth = 2147483647                                      [Init: 2147483647]
Thu 04:37: INFO    : 	KernelConfiguration.maxPreAdderFanOut = 1                                                   [Init: 1]
Thu 04:37: INFO    : 	KernelConfiguration.netlistMode = false                                                     [Init: false]
Thu 04:37: INFO    : 	KernelConfiguration.numPhotonStateMachines = 1                                              [Init: 1]
Thu 04:37: INFO    : 	KernelConfiguration.optimizations.ceCounterRegisterDuplication = 1                          [Init: 1]
Thu 04:37: INFO    : 	KernelConfiguration.optimizations.conditionalArithmetic = false                             [Init: true, Init after BuildTarget change: false]
Thu 04:37: INFO    : 	KernelConfiguration.optimizations.counterChainWrapPipelining = 0                            [Init: 0]
Thu 04:37: INFO    : 	KernelConfiguration.optimizations.dspAddChain = OPTIMISE_IGNORE_PREADDER                    [Init: null, Init after BuildTarget change: OPTIMISE_IGNORE_PREADDER]
Thu 04:37: INFO    : 	KernelConfiguration.optimizations.enableActiveFanoutReduction = false                       [Init: false]
Thu 04:37: INFO    : 	KernelConfiguration.optimizations.enableBUFGCE = false                                      [Init: false]
Thu 04:37: INFO    : 	KernelConfiguration.optimizations.enableBetterInputRegistering = false                      [Init: false]
Thu 04:37: INFO    : 	KernelConfiguration.optimizations.enableBetterRegistering = false                           [Init: false]
Thu 04:37: INFO    : 	KernelConfiguration.optimizations.enableFIFOCoalescingAcrossPlacementConstraints = false    [Init: false]
Thu 04:37: INFO    : 	KernelConfiguration.optimizations.enableFifoCoalescing = true                               [Init: true]
Thu 04:37: INFO    : 	KernelConfiguration.optimizations.enableFullPrecisionBinaryOpConstants = false              [Init: false]
Thu 04:37: INFO    : 	KernelConfiguration.optimizations.enableIntegratedRounding = false                          [Init: false]
Thu 04:37: INFO    : 	KernelConfiguration.optimizations.enableMappedMemoryHostReadBack = true                     [Init: true]
Thu 04:37: INFO    : 	KernelConfiguration.optimizations.enableMultiCycleReset = false                             [Init: false]
Thu 04:37: INFO    : 	KernelConfiguration.optimizations.enablePowerTwoFloatMult = true                            [Init: true]
Thu 04:37: INFO    : 	KernelConfiguration.optimizations.enableRedundantNodeDeletion = true                        [Init: true]
Thu 04:37: INFO    : 	KernelConfiguration.optimizations.enableStateMachineRegisterMerging = true                  [Init: true]
Thu 04:37: INFO    : 	KernelConfiguration.optimizations.inputFlushDistanceFactor = 0                              [Init: 0]
Thu 04:37: INFO    : 	KernelConfiguration.optimizations.minimumStaticFIFOSplitDepth = 1                           [Init: 1]
Thu 04:37: INFO    : 	KernelConfiguration.optimizations.optimizationTechnique = DEFAULT                           [Init: DEFAULT]
Thu 04:37: INFO    : 	KernelConfiguration.optimizations.triAdd = false                                            [Init: true, Init after BuildTarget change: false]
Thu 04:37: INFO    : 	KernelConfiguration.partialReconfBlockName =                                                [Init: ]
Thu 04:37: INFO    : 	KernelConfiguration.partialReconfMode = false                                               [Init: false]
Thu 04:37: INFO    : 	KernelConfiguration.partialReconfTemplate = false                                           [Init: false]
Thu 04:37: INFO    : 	KernelConfiguration.replicateNodeCeLog2NumPartitions = 0                                    [Init: 0]
Thu 04:37: INFO    : 	KernelConfiguration.romBRAMBitsThreshold = 2080                                             [Init: 2080]
Thu 04:37: INFO    : 	KernelConfiguration.simulation.ramAddressCollisionBehaviour = EXCEPTION                     [Init: EXCEPTION]
Thu 04:37: INFO    : 	KernelConfiguration.simulation.ramOutOfBoundsAccessBehaviour = EXCEPTION                    [Init: EXCEPTION]
Thu 04:37: INFO    : 	KernelConfiguration.simulation.simProgressMessageFrequency = 0                              [Init: 0]
Thu 04:37: INFO    : 
Thu 04:37: INFO    :  -- 
Thu 04:37: WARNING : Warning (UNCONNECTED_DESIGN_ELEMENT):
Thu 04:37: WARNING : Unconnected elements in design 'SobelGaussianSolutionKernel'
Thu 04:37: WARNING : details in : /home/bkrosenz/ICM-1/RunRules/Simulation/maxfiles/SobelGaussianSolution_VECTIS_DFE_SIM/scratch/SobelGaussianSolutionKernel_graph_warnings.txt
Thu 04:37: INFO    : Writing current graph to: SobelGaussianSolution-SobelGaussianSolutionKernel-original.pxg
Thu 04:37: INFO    : Running kernel graph-pass 'GeneratePXG'.
Thu 04:37: INFO    : Graph-pass 'GeneratePXG' took 149.591 ms (1 iterations)
Thu 04:37: INFO    : Running kernel graph-pass 'MarkConstantPass'.
Thu 04:37: INFO    : Graph-pass 'MarkConstantPass' took 1.59169 ms (1 iterations)
Thu 04:37: INFO    : Running kernel graph-pass 'ReachabilityPass'.
Thu 04:37: INFO    : Graph-pass 'ReachabilityPass' took 3.70798 ms (1 iterations)
Thu 04:37: INFO    : Running kernel graph-pass 'FindInputsLeadingToFlush'.
Thu 04:37: INFO    : Graph-pass 'FindInputsLeadingToFlush' took 109.743 µs (1 iterations)
Thu 04:37: INFO    : Running kernel graph-pass 'CheckForStatefulToFlushViolations'.
Thu 04:37: INFO    : Graph-pass 'CheckForStatefulToFlushViolations' took 297.245 µs (1 iterations)
Thu 04:37: INFO    : Running kernel graph-pass 'CheckForInputToFlushViolations'.
Thu 04:37: INFO    : Graph-pass 'CheckForInputToFlushViolations' took 856.005 µs (1 iterations)
Thu 04:37: INFO    : Not deleting directory (does not exist): neighbours
Thu 04:37: INFO    : Running Photon pre-schedule graph optimisations
Thu 04:37: INFO    : Running kernel graph-pass 'AlignOrEradicatePrintfs'.
Thu 04:37: INFO    : Graph-pass 'AlignOrEradicatePrintfs' took 164.942 µs (1 iterations)
Thu 04:37: INFO    : Running kernel graph-pass 'FoldConstantsPass'.
Thu 04:37: INFO    : Graph-pass 'FoldConstantsPass' took 975.191 µs (1 iterations)
Thu 04:37: INFO    : Running kernel graph-pass 'OptimiseNodesPass'.
Thu 04:37: INFO    : Constant multiplication by 5.00000 (node 57) has been optimized to shifts/adds
Thu 04:37: INFO    : Constant multiplication by 1.50000 (node 59) has been optimized to shifts/adds
Thu 04:37: INFO    : Constant multiplication by 5.00000 (node 65) has been optimized to shifts/adds
Thu 04:37: INFO    : Constant multiplication by 1.50000 (node 69) has been optimized to shifts/adds
Thu 04:37: INFO    : Graph-pass 'OptimiseNodesPass' took 41.1155 ms (2 iterations)
Thu 04:37: INFO    : Running kernel graph-pass 'DeleteRedundantNodes'.
Thu 04:37: INFO    : Graph-pass 'DeleteRedundantNodes' took 378.542 µs (1 iterations)
Thu 04:37: INFO    : Running kernel graph-pass 'DSPMultiplyAddExtractionPass'.
Thu 04:37: INFO    : Optimized 0 sub-graphs into DSP multiply/add chains (Virtex5 mode).
Thu 04:37: INFO    : Graph-pass 'DSPMultiplyAddExtractionPass' took 14.5396 ms (1 iterations)
Thu 04:37: INFO    : Running kernel graph-pass 'PO2FPMultOptimiser'.
Thu 04:37: INFO    : Graph-pass 'PO2FPMultOptimiser' took 200.248 µs (1 iterations)
Thu 04:37: INFO    : Running Photon simulation preparation
Thu 04:37: INFO    : Running kernel graph-pass 'PrepareSimulationPass'.
Thu 04:37: INFO    : Graph-pass 'PrepareSimulationPass' took 165.976 µs (1 iterations)
Thu 04:37: INFO    : Logging Photon stats to: SobelGaussianSolutionKernel_photon_stats.csv
Thu 04:37: INFO    : Running kernel graph-pass 'StatsPass'.
Thu 04:37: INFO    : Graph-pass 'StatsPass' took 1.43189 ms (1 iterations)
Thu 04:37: INFO    : Running kernel graph-pass 'CollectNumericExceptions'.
Thu 04:37: INFO    : Graph-pass 'CollectNumericExceptions' took 174.101 µs (1 iterations)
Thu 04:37: INFO    : Running kernel graph-pass 'StreamOffsetDivExpand'.
Thu 04:37: INFO    : Graph-pass 'StreamOffsetDivExpand' took 129.966 µs (1 iterations)
Thu 04:37: INFO    : Running kernel graph-pass 'FindIllegalLoops'.
Thu 04:37: INFO    : Graph-pass 'FindIllegalLoops' took 765.674 µs (1 iterations)
Thu 04:37: INFO    : Running kernel graph-pass 'MarkConstantPass'.
Thu 04:37: INFO    : Graph-pass 'MarkConstantPass' took 293.954 µs (1 iterations)
Thu 04:37: INFO    : Running kernel graph-pass 'ScheduleVariables'.
Thu 04:37: INFO    : Graph-pass 'ScheduleVariables' took 2.69093 ms (1 iterations)
Thu 04:37: INFO    : Running kernel graph-pass 'SubstituteEqPlaceholders'.
Thu 04:37: INFO    : Graph-pass 'SubstituteEqPlaceholders' took 91.1930 µs (1 iterations)
Thu 04:37: INFO    : Running kernel graph-pass 'ScheduleApplier'.
Thu 04:37: INFO    : Graph-pass 'ScheduleApplier' took 2.12236 ms (1 iterations)
Thu 04:37: INFO    : Running kernel graph-pass 'MarkConstantPass'.
Thu 04:37: INFO    : Graph-pass 'MarkConstantPass' took 278.263 µs (1 iterations)
Thu 04:37: INFO    : Running kernel graph-pass 'ScheduleDumper'.
Thu 04:37: INFO    : Graph-pass 'ScheduleDumper' took 1.78795 ms (1 iterations)
Thu 04:37: INFO    : Running Photon post-schedule graph optimisations (pass 1)
Thu 04:37: INFO    : Running kernel graph-pass 'TapFIFOsPass'.
Thu 04:37: INFO    : Graph-pass 'TapFIFOsPass' took 981.303 µs (1 iterations)
Thu 04:37: INFO    : Running kernel graph-pass 'FoldFIFOsPass'.
Thu 04:37: INFO    : Graph-pass 'FoldFIFOsPass' took 386.694 µs (1 iterations)
Thu 04:37: INFO    : Running kernel graph-pass 'MarkConstantPass'.
Thu 04:37: INFO    : Graph-pass 'MarkConstantPass' took 269.575 µs (1 iterations)
Thu 04:37: INFO    : Running kernel graph-pass 'ValidateFIFOs'.
Thu 04:37: INFO    : Graph-pass 'ValidateFIFOs' took 147.227 µs (1 iterations)
Thu 04:37: INFO    : Running kernel graph-pass 'MarkConstantPass'.
Thu 04:37: INFO    : Graph-pass 'MarkConstantPass' took 268.998 µs (1 iterations)
Thu 04:37: INFO    : Running kernel graph-pass 'ScheduleDumper'.
Thu 04:37: INFO    : Graph-pass 'ScheduleDumper' took 1.58289 ms (1 iterations)
Thu 04:37: INFO    : Running kernel graph-pass 'MarkConstantPass'.
Thu 04:37: INFO    : Graph-pass 'MarkConstantPass' took 313.064 µs (1 iterations)
Thu 04:37: INFO    : Running kernel graph-pass 'ScheduleConstants'.
Thu 04:37: INFO    : Running command: "/opt/maxcompiler/bin/cbc" "SobelGaussianSolutionKernel_schedule_C.mps.gz" -threads 4 -solve  -printi csv -solu "SobelGaussianSolutionKernel_schedule_C.csv" > "SobelGaussianSolutionKernel_schedule_C.stdout.log"
Thu 04:37: INFO    : Optimum found: 24544
Thu 04:37: INFO    : Graph-pass 'ScheduleConstants' took 101.446 ms (1 iterations)
Thu 04:37: INFO    : Running kernel graph-pass 'MarkConstantPass'.
Thu 04:37: INFO    : Graph-pass 'MarkConstantPass' took 307.671 µs (1 iterations)
Thu 04:37: INFO    : Running kernel graph-pass 'ScheduleDumper'.
Thu 04:37: INFO    : Graph-pass 'ScheduleDumper' took 1.47944 ms (1 iterations)
Thu 04:37: INFO    : Running kernel graph-pass 'SubstituteEqPlaceholders'.
Thu 04:37: INFO    : Graph-pass 'SubstituteEqPlaceholders' took 78.4960 µs (1 iterations)
Thu 04:37: INFO    : Running kernel graph-pass 'RemoveDistMeasurementNodes'.
Thu 04:37: INFO    : Graph-pass 'RemoveDistMeasurementNodes' took 13.2910 µs (1 iterations)
Thu 04:37: INFO    : Running kernel graph-pass 'ScheduleApplier'.
Thu 04:37: INFO    : Graph-pass 'ScheduleApplier' took 20.5667 ms (1 iterations)
Thu 04:37: INFO    : Maximum stream latency for kernel 'SobelGaussianSolutionKernel': 274
Thu 04:37: INFO    : Using user logic for flush.
Thu 04:37: INFO    : Running Photon post-schedule graph optimisations (pass 2)
Thu 04:37: INFO    : Running kernel graph-pass 'TapFIFOsPass'.
Thu 04:37: INFO    : Graph-pass 'TapFIFOsPass' took 16.8536 ms (2 iterations)
Thu 04:37: INFO    : Running kernel graph-pass 'FoldFIFOsPass'.
Thu 04:37: INFO    : Graph-pass 'FoldFIFOsPass' took 634.066 µs (1 iterations)
Thu 04:37: INFO    : Running kernel graph-pass 'MarkConstantPass'.
Thu 04:37: INFO    : Graph-pass 'MarkConstantPass' took 282.408 µs (1 iterations)
Thu 04:37: INFO    : Running kernel graph-pass 'ScheduleAsserter'.
Thu 04:37: INFO    : Graph-pass 'ScheduleAsserter' took 921.979 µs (1 iterations)
Thu 04:37: INFO    : Running kernel graph-pass 'ReplaceEvalStreamOffsetNodes'.
Thu 04:37: INFO    : Graph-pass 'ReplaceEvalStreamOffsetNodes' took 162.397 µs (1 iterations)
Thu 04:37: INFO    : Running kernel graph-pass 'FIFOReport'.
Thu 04:37: INFO    : Graph-pass 'FIFOReport' took 1.41332 ms (1 iterations)
Thu 04:37: INFO    : Running kernel graph-pass 'StatsPass'.
Thu 04:37: INFO    : Graph-pass 'StatsPass' took 1.11467 ms (1 iterations)
Thu 04:37: INFO    : Running kernel graph-pass 'RemoveUntypedConstants'.
Thu 04:37: INFO    : Graph-pass 'RemoveUntypedConstants' took 16.3762 ms (1 iterations)
Thu 04:37: INFO    : Running kernel graph-pass 'VariableSizeMappedRegInserter'.
Thu 04:37: INFO    : Graph-pass 'VariableSizeMappedRegInserter' took 161.243 µs (1 iterations)
Thu 04:37: INFO    : Running kernel graph-pass 'MarkConstantPass'.
Thu 04:37: INFO    : Graph-pass 'MarkConstantPass' took 286.187 µs (1 iterations)
Thu 04:37: INFO    : Running kernel graph-pass 'MakeMaxFileNodeData'.
Thu 04:37: INFO    : Graph-pass 'MakeMaxFileNodeData' took 3.54538 ms (1 iterations)
Thu 04:37: INFO    : Running kernel graph-pass 'MoveFanoutRegsForwards'.
Thu 04:37: INFO    : Graph-pass 'MoveFanoutRegsForwards' took 157.777 µs (1 iterations)
Thu 04:37: INFO    : Optimization report for Kernel 'SobelGaussianSolutionKernel'.
Thu 04:37: INFO    : Enabled optimizations:
Thu 04:37: INFO    : 	DSP-Multiplication
Thu 04:37: INFO    : 	Power-of-2 Floating Point
Thu 04:37: INFO    : Creating a preliminary MaxCompilerDesignData.dat. (@ CoreCompile SobelGaussianSolutionKernel)
Thu 04:37: INFO    : Total compilation of 'SobelGaussianSolutionKernel' took 520.833 ms.
Thu 04:37: INFO    : Running kernel graph-pass 'MarkConstantPass'.
Thu 04:37: INFO    : Graph-pass 'MarkConstantPass' took 280.627 µs (1 iterations)
Thu 04:37: INFO    : Running kernel graph-pass 'MaxConstantLatency'.
Thu 04:37: INFO    : Graph-pass 'MaxConstantLatency' took 562.561 µs (1 iterations)
Thu 04:37: INFO    : Running kernel graph-pass 'SimCodeGraphPass'.
Thu 04:37: INFO    : Graph-pass 'SimCodeGraphPass' took 12.1964 ms (1 iterations)
Thu 04:37: INFO    : Writing current graph to: SobelGaussianSolution-SobelGaussianSolutionKernel-final-simulation.pxg
Thu 04:37: INFO    : Running kernel graph-pass 'GeneratePXG'.
Thu 04:37: INFO    : Graph-pass 'GeneratePXG' took 26.7961 ms (1 iterations)
Thu 04:37: INFO    : Running manager compiler graph-pass: GenerateMXGInfo
Thu 04:37: INFO    : Running manager compiler graph-pass: ScheduleStallLatency
Thu 04:37: INFO    : Running manager compiler graph-pass: ClockWidthAssignment
Thu 04:37: INFO    : Running manager compiler graph-pass: InsertDualAspectLogic
Thu 04:37: INFO    : Running manager compiler graph-pass: ClockWidthAssignment
Thu 04:37: INFO    : Running manager compiler graph-pass: InsertPullPushAdapter
Thu 04:37: INFO    : Running manager compiler graph-pass: ClockWidthAssignment
Thu 04:37: INFO    : Running manager compiler graph-pass: InsertStreamFifos
Thu 04:37: INFO    : Running manager compiler graph-pass: ClockWidthAssignment
Thu 04:37: INFO    : Running manager compiler graph-pass: InsertStreamStatus
Thu 04:37: INFO    : Running manager compiler graph-pass: InsertChipscope
Thu 04:37: INFO    : Inserted 0 chipscope manager nodes.
Thu 04:37: INFO    : Running manager compiler graph-pass: ClockWidthAssignment
Thu 04:37: INFO    : Running manager compiler graph-pass: ReportClockAssignments
Thu 04:37: INFO    : Running manager compiler graph-pass: BuildSoftwareSim
Thu 04:37: INFO    : Mapped register report:
Thu 04:37: INFO    : 	0	io_inImage_force_disabled	1bytes
Thu 04:37: INFO    : 	1	io_outImage_force_disabled	1bytes
Thu 04:37: INFO    : 	2	run_cycle_count	6bytes
Thu 04:37: INFO    : 	8	current_run_cycle_count	6bytes
Thu 04:37: INFO    : 	e	dbg_ctld_almost_empty	1bytes
Thu 04:37: INFO    : 	f	dbg_ctld_done	1bytes
Thu 04:37: INFO    : 	10	dbg_ctld_empty	1bytes
Thu 04:37: INFO    : 	11	dbg_ctld_read	1bytes
Thu 04:37: INFO    : 	12	dbg_ctld_read_pipe_dbg	1bytes
Thu 04:37: INFO    : 	13	dbg_ctld_request	1bytes
Thu 04:37: INFO    : 	14	dbg_done_out	1bytes
Thu 04:37: INFO    : 	15	dbg_fill_level	2bytes
Thu 04:37: INFO    : 	17	dbg_flush_level	2bytes
Thu 04:37: INFO    : 	19	dbg_flush_start	1bytes
Thu 04:37: INFO    : 	1a	dbg_flush_start_level	2bytes
Thu 04:37: INFO    : 	1c	dbg_flushing	1bytes
Thu 04:37: INFO    : 	1d	dbg_full_level	2bytes
Thu 04:37: INFO    : 	1f	dbg_out_stall	1bytes
Thu 04:37: INFO    : 	20	dbg_out_valid	1bytes
Thu 04:37: INFO    : 	21	dbg_stall_vector	1bytes
Thu 04:37: INFO    : 	22	ifpga_ctrl	1bytes
Thu 04:37: INFO    : 	23	SFA_FORWARD_EN	4bytes
Thu 04:37: INFO    : Mapped register chain length = 39
Thu 04:37: INFO    : Mapped register efficiency = 0.60 (188 / 312 bits)
Thu 04:37: INFO    : Mapped memory report:
Thu 04:37: INFO    : 	No mapped memories in this design.
Thu 04:37: INFO    : Running manager compiler graph-pass: GenerateMXGInfo
Thu 04:37: INFO    : Running manager compiler graph-pass: GenerateSlicHostCode
Thu 04:37: INFO    : Generating SLIC interface information
Thu 04:37: INFO    : Generating SLIC code for interface 'default'
Thu 04:37: INFO    : Skipping blacklisted scalar parameter 'SobelGaussianSolutionKernel.current_run_cycle_count'
Thu 04:37: INFO    : Interface 'default' depends on parameter 'size'
Thu 04:37: INFO    : Generating XML description for Maxfile
Thu 04:37: INFO    : Generating XML description for mode 'default'
Thu 04:37: INFO    : Skipping blacklisted scalar parameter 'SobelGaussianSolutionKernel.current_run_cycle_count'
Thu 04:37: INFO    : Interface 'default' depends on parameter 'size'
Thu 04:37: INFO    : Adding SLIC sections to the maxfile
Thu 04:37: INFO    : Adding user files to the maxfile
Thu 04:37: INFO    : Generating SLIC include file
Thu 04:37: INFO    : Done generating SLIC interface information
Thu 04:37: PROGRESS: Running back-end simulation build (3 phases)
Thu 04:37: PROGRESS: (1/3) - Prepare MaxFile Data (GenerateMaxFileDataFile)
Thu 04:37: INFO    : Build pass 'GenerateMaxFileDataFile' took 44.9771 ms.
Thu 04:37: PROGRESS: (2/3) - Compile Simulation Modules (SimCompilePass)
Thu 04:37: INFO    : Running command: make -j2
Thu 04:37: INFO    : make[3]: Entering directory `/home/bkrosenz/ICM-1/RunRules/Simulation/maxfiles/SobelGaussianSolution_VECTIS_DFE_SIM/scratch/software-sim/build'
Thu 04:37: INFO    : mkdir -p objdir
Thu 04:37: INFO    : mkdir -p stdsimheader.h.gch
Thu 04:37: INFO    : /opt/maxcompiler/lib/clang/bin/start.sh clang++ -c -fPIC -B/opt/maxcompiler/lib/gcc -fbracket-depth=1024 -D_GLIBCXX__PTHREADS -D__USE_XOPEN2K8 -O3  -I. -I/opt/maxcompiler/lib/boost/include -I/opt/maxcompiler/lib/maxeleros-sim/include -I/opt/maxcompiler/lib/lwip_sim -I/opt/maxcompiler/lib/lwip_sim/include -I/opt/maxcompiler/lib/lwip_sim/include/arch -I/opt/maxcompiler/lib/lwip_sim/include/ipv4  -DHAVE_KERNELS -DMAXFILE_INC="../../MaxCompilerDesignData.dat" -g0  -DSLIC_NO_DECLARATIONS   -O0 -DOPTIMIZATION_LEVEL=0 -x c++-header \
Thu 04:37: INFO    : 		-o stdsimheader.h.gch/O0_stdsimheader.h.gch stdsimheader.h
Thu 04:37: INFO    : /opt/maxcompiler/lib/clang/bin/start.sh clang++ -c -fPIC -B/opt/maxcompiler/lib/gcc -fbracket-depth=1024 -D_GLIBCXX__PTHREADS -D__USE_XOPEN2K8 -O3  -I. -I/opt/maxcompiler/lib/boost/include -I/opt/maxcompiler/lib/maxeleros-sim/include -I/opt/maxcompiler/lib/lwip_sim -I/opt/maxcompiler/lib/lwip_sim/include -I/opt/maxcompiler/lib/lwip_sim/include/arch -I/opt/maxcompiler/lib/lwip_sim/include/ipv4  -DHAVE_KERNELS -DMAXFILE_INC="../../MaxCompilerDesignData.dat" -g0  -DSLIC_NO_DECLARATIONS   -fno-implicit-templates -O2 -DOPTIMIZATION_LEVEL=2 -x c++-header \
Thu 04:37: INFO    : 		-o stdsimheader.h.gch/NoTplInst_O2_stdsimheader.h.gch stdsimheader.h
Thu 04:37: INFO    : make SobelGaussianSolution.so
Thu 04:37: INFO    : make[4]: Entering directory `/home/bkrosenz/ICM-1/RunRules/Simulation/maxfiles/SobelGaussianSolution_VECTIS_DFE_SIM/scratch/software-sim/build'
Thu 04:37: INFO    : /opt/maxcompiler/lib/clang/bin/start.sh clang++ -c -fPIC -B/opt/maxcompiler/lib/gcc -fbracket-depth=1024 -D_GLIBCXX__PTHREADS -D__USE_XOPEN2K8 -O3  -I. -I/opt/maxcompiler/lib/boost/include -I/opt/maxcompiler/lib/maxeleros-sim/include -I/opt/maxcompiler/lib/lwip_sim -I/opt/maxcompiler/lib/lwip_sim/include -I/opt/maxcompiler/lib/lwip_sim/include/arch -I/opt/maxcompiler/lib/lwip_sim/include/ipv4  -DHAVE_KERNELS -DMAXFILE_INC="../../MaxCompilerDesignData.dat" -g0  -DSLIC_NO_DECLARATIONS   -fno-implicit-templates -include-pch stdsimheader.h.gch -O2 -DOPTIMIZATION_LEVEL=2 -o objdir/SobelGaussianSolutionKernel_exec0.NoTplInst.O2.o SobelGaussianSolutionKernel_exec0.cpp
Thu 04:37: INFO    : /opt/maxcompiler/lib/clang/bin/start.sh clang++ -c -fPIC -B/opt/maxcompiler/lib/gcc -fbracket-depth=1024 -D_GLIBCXX__PTHREADS -D__USE_XOPEN2K8 -O3  -I. -I/opt/maxcompiler/lib/boost/include -I/opt/maxcompiler/lib/maxeleros-sim/include -I/opt/maxcompiler/lib/lwip_sim -I/opt/maxcompiler/lib/lwip_sim/include -I/opt/maxcompiler/lib/lwip_sim/include/arch -I/opt/maxcompiler/lib/lwip_sim/include/ipv4  -DHAVE_KERNELS -DMAXFILE_INC="../../MaxCompilerDesignData.dat" -g0  -DSLIC_NO_DECLARATIONS   -include-pch stdsimheader.h.gch -O0 -DOPTIMIZATION_LEVEL=0 -o objdir/SobelGaussianSolutionKernel.O0.o SobelGaussianSolutionKernel.cpp
Thu 04:37: INFO    : /opt/maxcompiler/lib/clang/bin/start.sh clang++ -fPIC -B/opt/maxcompiler/lib/gcc -fbracket-depth=1024 -D_GLIBCXX__PTHREADS -D__USE_XOPEN2K8 -O3  -I. -I/opt/maxcompiler/lib/boost/include -I/opt/maxcompiler/lib/maxeleros-sim/include -I/opt/maxcompiler/lib/lwip_sim -I/opt/maxcompiler/lib/lwip_sim/include -I/opt/maxcompiler/lib/lwip_sim/include/arch -I/opt/maxcompiler/lib/lwip_sim/include/ipv4  -DHAVE_KERNELS -DMAXFILE_INC="../../MaxCompilerDesignData.dat" -g0  -DSLIC_NO_DECLARATIONS   -MM -MP -MT objdir/SobelGaussianSolutionKernel.O0.o \
Thu 04:37: INFO    : 		SobelGaussianSolutionKernel.cpp > objdir/SobelGaussianSolutionKernel.O0.d
Thu 04:37: INFO    : /opt/maxcompiler/lib/clang/bin/start.sh clang++ -c -fPIC -B/opt/maxcompiler/lib/gcc -fbracket-depth=1024 -D_GLIBCXX__PTHREADS -D__USE_XOPEN2K8 -O3  -I. -I/opt/maxcompiler/lib/boost/include -I/opt/maxcompiler/lib/maxeleros-sim/include -I/opt/maxcompiler/lib/lwip_sim -I/opt/maxcompiler/lib/lwip_sim/include -I/opt/maxcompiler/lib/lwip_sim/include/arch -I/opt/maxcompiler/lib/lwip_sim/include/ipv4  -DHAVE_KERNELS -DMAXFILE_INC="../../MaxCompilerDesignData.dat" -g0  -DSLIC_NO_DECLARATIONS   -include-pch stdsimheader.h.gch -O2 -DOPTIMIZATION_LEVEL=2 -o objdir/SobelGaussianSolutionKernel_Templates.O2.o SobelGaussianSolutionKernel_Templates.cpp
Thu 04:37: INFO    : /opt/maxcompiler/lib/clang/bin/start.sh clang++ -fPIC -B/opt/maxcompiler/lib/gcc -fbracket-depth=1024 -D_GLIBCXX__PTHREADS -D__USE_XOPEN2K8 -O3  -I. -I/opt/maxcompiler/lib/boost/include -I/opt/maxcompiler/lib/maxeleros-sim/include -I/opt/maxcompiler/lib/lwip_sim -I/opt/maxcompiler/lib/lwip_sim/include -I/opt/maxcompiler/lib/lwip_sim/include/arch -I/opt/maxcompiler/lib/lwip_sim/include/ipv4  -DHAVE_KERNELS -DMAXFILE_INC="../../MaxCompilerDesignData.dat" -g0  -DSLIC_NO_DECLARATIONS   -MM -MP -MT objdir/SobelGaussianSolutionKernel_exec0.NoTplInst.O2.o \
Thu 04:37: INFO    : 		SobelGaussianSolutionKernel_exec0.cpp > objdir/SobelGaussianSolutionKernel_exec0.NoTplInst.O2.d
Thu 04:37: INFO    : /opt/maxcompiler/lib/clang/bin/start.sh clang++ -c -fPIC -B/opt/maxcompiler/lib/gcc -fbracket-depth=1024 -D_GLIBCXX__PTHREADS -D__USE_XOPEN2K8 -O3  -I. -I/opt/maxcompiler/lib/boost/include -I/opt/maxcompiler/lib/maxeleros-sim/include -I/opt/maxcompiler/lib/lwip_sim -I/opt/maxcompiler/lib/lwip_sim/include -I/opt/maxcompiler/lib/lwip_sim/include/arch -I/opt/maxcompiler/lib/lwip_sim/include/ipv4  -DHAVE_KERNELS -DMAXFILE_INC="../../MaxCompilerDesignData.dat" -g0  -DSLIC_NO_DECLARATIONS   -include-pch stdsimheader.h.gch -O0 -DOPTIMIZATION_LEVEL=0 -o objdir/max_msi.O0.o max_msi.cpp
Thu 04:37: INFO    : In file included from max_msi.cpp:19:
Thu 04:37: INFO    : /home/bkrosenz/ICM-1/RunRules/Simulation/maxfiles/SobelGaussianSolution_VECTIS_DFE_SIM/scratch/software-sim/build/MaxFile.h:4:9: warning: '_QUOTE' macro redefined [-Wmacro-redefined]
Thu 04:37: INFO    : #define _QUOTE(what) #what
Thu 04:37: INFO    :         ^
Thu 04:37: INFO    : /opt/maxcompiler/lib/maxeleros-sim/include/maxrt_error.h:87:9: note: previous definition is here
Thu 04:37: INFO    : #define _QUOTE(x) #x
Thu 04:37: INFO    :         ^
Thu 04:37: INFO    : 1 warning generated.
Thu 04:37: INFO    : /opt/maxcompiler/lib/clang/bin/start.sh clang++ -fPIC -B/opt/maxcompiler/lib/gcc -fbracket-depth=1024 -D_GLIBCXX__PTHREADS -D__USE_XOPEN2K8 -O3  -I. -I/opt/maxcompiler/lib/boost/include -I/opt/maxcompiler/lib/maxeleros-sim/include -I/opt/maxcompiler/lib/lwip_sim -I/opt/maxcompiler/lib/lwip_sim/include -I/opt/maxcompiler/lib/lwip_sim/include/arch -I/opt/maxcompiler/lib/lwip_sim/include/ipv4  -DHAVE_KERNELS -DMAXFILE_INC="../../MaxCompilerDesignData.dat" -g0  -DSLIC_NO_DECLARATIONS   -MM -MP -MT objdir/max_msi.O0.o \
Thu 04:37: INFO    : 		max_msi.cpp > objdir/max_msi.O0.d
Thu 04:37: INFO    : /opt/maxcompiler/lib/clang/bin/start.sh clang++ -fPIC -B/opt/maxcompiler/lib/gcc -fbracket-depth=1024 -D_GLIBCXX__PTHREADS -D__USE_XOPEN2K8 -O3  -I. -I/opt/maxcompiler/lib/boost/include -I/opt/maxcompiler/lib/maxeleros-sim/include -I/opt/maxcompiler/lib/lwip_sim -I/opt/maxcompiler/lib/lwip_sim/include -I/opt/maxcompiler/lib/lwip_sim/include/arch -I/opt/maxcompiler/lib/lwip_sim/include/ipv4  -DHAVE_KERNELS -DMAXFILE_INC="../../MaxCompilerDesignData.dat" -g0  -DSLIC_NO_DECLARATIONS   -MM -MP -MT objdir/SobelGaussianSolutionKernel_Templates.O2.o \
Thu 04:37: INFO    : 		SobelGaussianSolutionKernel_Templates.cpp > objdir/SobelGaussianSolutionKernel_Templates.O2.d
Thu 04:37: INFO    : /opt/maxcompiler/lib/clang/bin/start.sh clang++ -fPIC -shared -B/opt/maxcompiler/lib/gcc -L/opt/maxcompiler/lib/boost/lib -lboost_thread -lboost_system -lboost_filesystem -lrt -pthread -O2 -s  -o SobelGaussianSolution.so objdir/SobelGaussianSolutionKernel_exec0.NoTplInst.O2.o objdir/SobelGaussianSolutionKernel.O0.o objdir/SobelGaussianSolutionKernel_Templates.O2.o objdir/max_msi.O0.o StructToGroupDummy.o Mux.o DualAspectMux.o Demux.o Fanout.o CapRegs.o IFPGARegs.o ChecksumMem.o PCIe.o KernelManagerBlockSync.o DualAspectReg.o PullPushAdapter.o FilePullSource.o max_shared_fifo.o SharedFIFO.o Fifos.o FilePushSink.o SimTerminator.o Watch.o StreamStatus.o RunLengthExpander.o ManagerBlock.o MappedElements.o ManagerSync.o PullSync.o PushSync.o DynamicVarUInt.o SimException.o DebugStreams.o AddressGenerator.o MemoryControllerPro.o MemoryControllerRAM.o MemoryControllerCommand.o MemoryControllerStreams.o MemoryControllerConfig.o TCP.o Ethernet.o Timestamp.o /opt/maxcompiler/lib/lwip_sim/lib/liblwip.a
Thu 04:37: INFO    : make[4]: Leaving directory `/home/bkrosenz/ICM-1/RunRules/Simulation/maxfiles/SobelGaussianSolution_VECTIS_DFE_SIM/scratch/software-sim/build'
Thu 04:37: INFO    : make[3]: Leaving directory `/home/bkrosenz/ICM-1/RunRules/Simulation/maxfiles/SobelGaussianSolution_VECTIS_DFE_SIM/scratch/software-sim/build'
Thu 04:37: INFO    : Build pass 'SimCompilePass' took 5.90788 s.
Thu 04:37: PROGRESS: (3/3) - Generate MaxFile (AddSimObjectToMaxFilePass)
Thu 04:37: INFO    : Build pass 'AddSimObjectToMaxFilePass' took 192.505 ms.
Thu 04:37: INFO    : Final result files after build: 
Thu 04:37: INFO    : Running command: ln -sf "../scratch/SobelGaussianSolution-SobelGaussianSolutionKernel-original.pxg"
Thu 04:37: INFO    : SobelGaussianSolution-SobelGaussianSolutionKernel-original.pxg (BuildFilePXG)
Thu 04:37: INFO    : Running command: ln -sf "../scratch/SobelGaussianSolutionKernel_Configuration.txt"
Thu 04:37: INFO    : SobelGaussianSolutionKernel_Configuration.txt (BuildFile)
Thu 04:37: INFO    : Running command: ln -sf "../scratch/SobelGaussianSolutionKernel_NodeDiary.txt"
Thu 04:37: INFO    : SobelGaussianSolutionKernel_NodeDiary.txt (BuildFile)
Thu 04:37: INFO    : Running command: ln -sf "../scratch/SobelGaussianSolution-SobelGaussianSolutionKernel-final-simulation.pxg"
Thu 04:37: INFO    : SobelGaussianSolution-SobelGaussianSolutionKernel-final-simulation.pxg (BuildFilePXG)
Thu 04:37: INFO    : Running command: ln -sf "../scratch/SobelGaussianSolution.xml"
Thu 04:37: INFO    : SobelGaussianSolution.xml (BuildFile)
Thu 04:37: INFO    : Running command: ln -sf "../scratch/SobelGaussianSolution.h"
Thu 04:37: INFO    : SobelGaussianSolution.h (BuildFileSlicH)
Thu 04:37: INFO    : Running command: ln -sf "../scratch/SobelGaussianSolution.max"
Thu 04:37: INFO    : SobelGaussianSolution.max (BuildFileMaxFile)
Thu 04:37: INFO    : Result files will be copied to '/home/bkrosenz/ICM-1/RunRules/Simulation/maxfiles'
Thu 04:37: INFO    : Copying result 'SobelGaussianSolution-SobelGaussianSolutionKernel-original.pxg' to '/home/bkrosenz/ICM-1/RunRules/Simulation/maxfiles/SobelGaussianSolution-SobelGaussianSolutionKernel-original.pxg'
Thu 04:37: INFO    : Running command: cp -rf "/home/bkrosenz/ICM-1/RunRules/Simulation/maxfiles/SobelGaussianSolution_VECTIS_DFE_SIM/scratch/SobelGaussianSolution-SobelGaussianSolutionKernel-original.pxg" "/home/bkrosenz/ICM-1/RunRules/Simulation/maxfiles/SobelGaussianSolution-SobelGaussianSolutionKernel-original.pxg"
Thu 04:37: INFO    : Copying result 'SobelGaussianSolution-SobelGaussianSolutionKernel-final-simulation.pxg' to '/home/bkrosenz/ICM-1/RunRules/Simulation/maxfiles/SobelGaussianSolution-SobelGaussianSolutionKernel-final-simulation.pxg'
Thu 04:37: INFO    : Running command: cp -rf "/home/bkrosenz/ICM-1/RunRules/Simulation/maxfiles/SobelGaussianSolution_VECTIS_DFE_SIM/scratch/SobelGaussianSolution-SobelGaussianSolutionKernel-final-simulation.pxg" "/home/bkrosenz/ICM-1/RunRules/Simulation/maxfiles/SobelGaussianSolution-SobelGaussianSolutionKernel-final-simulation.pxg"
Thu 04:37: INFO    : Copying result 'SobelGaussianSolution.h' to '/home/bkrosenz/ICM-1/RunRules/Simulation/maxfiles/SobelGaussianSolution.h'
Thu 04:37: INFO    : Running command: cp -rf "/home/bkrosenz/ICM-1/RunRules/Simulation/maxfiles/SobelGaussianSolution_VECTIS_DFE_SIM/scratch/SobelGaussianSolution.h" "/home/bkrosenz/ICM-1/RunRules/Simulation/maxfiles/SobelGaussianSolution.h"
Thu 04:37: INFO    : Copying result 'SobelGaussianSolution.max' to '/home/bkrosenz/ICM-1/RunRules/Simulation/maxfiles/SobelGaussianSolution.max'
Thu 04:37: INFO    : Running command: cp -rf "/home/bkrosenz/ICM-1/RunRules/Simulation/maxfiles/SobelGaussianSolution_VECTIS_DFE_SIM/scratch/SobelGaussianSolution.max" "/home/bkrosenz/ICM-1/RunRules/Simulation/maxfiles/SobelGaussianSolution.max"
Thu 04:37: PROGRESS: MaxFile: /home/bkrosenz/ICM-1/RunRules/Simulation/maxfiles/SobelGaussianSolution_VECTIS_DFE_SIM/results/SobelGaussianSolution.max (MD5Sum: 274ac154e3b5fd9c22c4ab7011f8ba29)
Thu 04:37: INFO    : Waiting for any outstanding jobs to finish... 
Thu 04:37: PROGRESS: Build completed: Thu Dec 21 04:37:18 CET 2017 (took 7 secs)
